[sre 11.06.2025. 23:31:29,64] Build comparison started 
[BASIC] Compiling... 
[BASIC] Linking... 
arm-none-eabi-ld:linker.ld:8: warning: memory region `FLASH' not declared
[BASIC] Generating HEX, BIN, and S19... 
[ADVANCED] Compiling with extra flags... 
[ADVANCED] Linking... 
arm-none-eabi-ld:linker.ld:8: warning: memory region `FLASH' not declared
[ADVANCED] Generating HEX, BIN, and S19... 
 
=== File Comparisons === 
[DIFF] Comparing sw_info.o 
Comparing files BUILD_BASIC\sw_info.o and BUILD_ADVANCED\SW_INFO.O
00000020: B8 60
00000021: 01 06
00000030: 0A 11
00000032: 09 10
00000044: 00 08
00000045: 47 01
00000046: 43 00
00000047: 43 00
00000048: 3A 05
00000049: 20 00
0000004A: 28 01
0000004B: 41 04
0000004C: 72 00
0000004D: 6D 00
0000004E: 20 00
0000004F: 47 00
00000050: 4E 03
00000051: 55 42
00000052: 20 00
00000053: 54 00
00000054: 6F 00
00000055: 6F 1D
00000057: 63 01
00000058: 68 00
00000059: 61 00
0000005A: 69 1A
0000005B: 6E 01
0000005C: 20 00
0000005D: 31 00
0000005E: 33 00
0000005F: 2E 00
00000060: 33 00
00000061: 2E 00
00000062: 52 02
00000063: 65 CB
00000064: 6C 00
00000065: 31 00
00000066: 20 00
00000067: 28 17
00000068: 42 17
00000069: 75 29
0000006A: 69 00
0000006B: 6C 00
0000006C: 64 00
0000006D: 20 04
0000006E: 61 01
0000006F: 72 08
00000070: 6D 0C
00000071: 2D 01
00000072: 31 00
00000073: 33 00
00000074: 2E 05
00000075: 32 10
00000076: 34 01
00000077: 29 1A
00000078: 29 09
00000079: 20 EA
0000007A: 31 00
0000007B: 33 00
0000007C: 2E 00
0000007D: 33 01
0000007E: 2E DE
0000007F: 31 00
00000080: 20 00
00000081: 32 00
00000082: 30 1C
00000083: 32 1E
00000084: 34 00
00000085: 30 00
00000086: 36 00
00000087: 31 00
00000088: 34 01
00000089: 00 85
0000008A: 41 01
0000008B: 2D 00
0000008D: 00 1D
0000008E: 00 1E
0000008F: 61 00
00000090: 65 00
00000091: 61 00
00000092: 62 01
00000093: 69 01
00000094: 00 BE
00000095: 01 00
00000096: 23 00
00000098: 00 1E
00000099: 00 1E
0000009A: 05 00
0000009B: 37 00
0000009C: 45 00
0000009D: 2D 02
0000009E: 4D 01
0000009F: 00 76
000000A0: 06 01
000000A1: 0D 00
000000A2: 07 00
000000A3: 4D 1F
000000A4: 09 1E
000000A5: 02 00
000000A6: 12 00
000000A7: 04 00
000000A8: 14 03
000000AA: 15 28
000000AB: 01 00
000000AC: 17 00
000000AD: 03 00
000000AE: 18 20
000000AF: 01 1E
000000B0: 19 00
000000B1: 01 00
000000B2: 1A 00
000000B3: 01 04
000000B4: 1E 01
000000B5: 06 4C
000000B6: 22 01
000000B7: 01 00
000000B9: 00 21
000000BA: 00 1E
000000BE: 00 05
000000BF: 00 01
000000C0: 00 08
000000C4: 00 22
000000C5: 00 1E
000000C8: 01 00
000000C9: 00 06
000000CA: 00 01
000000CB: 00 1D
000000CF: 00 23
000000D0: 00 1E
000000D4: 04 07
000000D5: 00 01
000000D6: F1 D1
000000D7: FF 00
000000DA: 00 24
000000DB: 00 1E
000000DF: 00 08
000000E0: 00 01
000000E1: 00 5D
000000E2: 00 01
000000E4: 03 00
000000E5: 00 25
000000E6: 01 1E
000000EA: 00 09
000000EB: 00 01
000000EC: 00 2E
000000ED: 00 01
000000F0: 00 26
000000F1: 00 1E
000000F4: 03 00
000000F5: 00 0A
000000F6: 02 01
000000F7: 00 01
000000F8: 00 01
000000FB: 00 28
000000FC: 00 1E
00000100: 00 0B
00000101: 00 01
00000102: 00 14
00000104: 03 00
00000106: 03 29
00000107: 00 1E
0000010B: 00 0C
0000010C: 00 01
0000010D: 00 F4
00000111: 00 2A
00000112: 00 1E
00000114: 03 00
00000116: 04 0D
00000117: 00 01
00000118: 0B 3E
00000119: 00 01
0000011C: 00 2B
0000011D: 00 1E
00000121: 00 0E
00000122: 00 01
00000123: 00 39
00000126: 04 00
00000127: 00 2C
00000128: 00 1E
0000012C: 00 0F
0000012E: 00 02
00000133: 00 2E
00000135: 00 30
00000136: 05 00
00000139: 00 06
0000013A: 00 EA
0000013E: 00 07
0000013F: 00 69
00000140: 00 64
00000142: 00 01
00000143: 00 31
00000144: 03 0F
00000145: 00 F5
00000146: 06 00
00000148: 0E 00
00000149: 00 05
0000014A: 00 03
00000150: 10 01
00000151: 00 0D
00000153: 00 03
00000154: 11 0E
00000155: 00 3A
00000156: 04 21
00000157: 00 01
00000158: 00 3B
00000159: 73 0B
0000015A: 77 39
0000015B: 5F 21
0000015C: 69 0B
0000015D: 6E 49
0000015E: 66 13
0000015F: 6F 38
00000160: 2E 0B
00000161: 63 00
00000163: 24 02
00000164: 64 16
00000166: 69 03
00000167: 64 0E
00000168: 00 3A
00000169: 00 21
0000016A: 2E 01
0000016B: 73 3B
0000016C: 79 0B
0000016D: 6D 39
0000016E: 74 0B
0000016F: 61 49
00000170: 62 13
00000172: 2E 00
00000173: 73 03
00000174: 74 11
00000175: 72 01
00000176: 74 25
00000177: 61 0E
00000178: 62 13
00000179: 00 0B
0000017A: 2E 03
0000017B: 73 0E
0000017C: 68 1B
0000017D: 73 0E
0000017E: 74 10
0000017F: 72 17
00000180: 74 00
00000181: 61 00
00000182: 62 04
00000183: 00 24
00000184: 2E 00
00000185: 74 0B
00000186: 65 0B
00000187: 78 3E
00000188: 74 0B
00000189: 00 03
0000018A: 2E 0E
0000018B: 64 00
0000018C: 61 00
0000018D: 74 05
0000018E: 61 13
0000018F: 00 01
00000190: 2E 0B
00000191: 62 0B
00000192: 73 3A
00000193: 73 0B
00000194: 00 3B
00000195: 2E 0B
00000196: 73 39
00000197: 77 0B
00000198: 5F 01
00000199: 69 13
0000019A: 6E 00
0000019B: 66 00
0000019C: 6F 06
0000019D: 00 26
0000019E: 2E 00
0000019F: 63 49
000001A0: 6F 13
000001A1: 6D 00
000001A2: 6D 00
000001A3: 65 07
000001A4: 6E 34
000001A5: 74 00
000001A6: 00 03
000001A7: 2E 08
000001A8: 41 3A
000001A9: 52 0B
000001AA: 4D 3B
000001AB: 2E 0B
000001AC: 61 39
000001AD: 74 0B
000001AE: 74 49
000001AF: 72 13
000001B0: 69 3F
000001B1: 62 19
000001B2: 75 02
000001B3: 74 18
000001B4: 65 00
000001B5: 73 00
000001B7: 00 14
000001BB: 00 02
000001C1: 00 04
000001CF: 00 26
000001D3: 00 03
000001D5: 00 20
000001D9: 00 02
000001DA: 00 01
000001DB: 00 FB
000001DC: 00 0E
000001DD: 00 0D
000001DF: 00 01
000001E0: 1B 01
000001E1: 00 01
000001E2: 00 01
000001E4: 01 00
000001E6: 00 01
000001E8: 06 00
000001E9: 00 01
000001EB: 00 73
000001EC: 00 77
000001ED: 00 5F
000001EE: 00 69
000001EF: 00 6E
000001F0: 34 66
000001F1: 00 6F
000001F2: 00 2E
000001F3: 00 63
000001F9: 00 73
000001FA: 00 77
000001FB: 00 5F
000001FC: 00 69
000001FD: 00 6E
000001FE: 00 66
000001FF: 00 6F
00000200: 02 00
00000201: 00 63
00000202: 00 75
00000203: 00 73
00000204: 00 74
00000205: 00 6F
00000206: 00 6D
00000207: 00 65
00000208: 21 72
00000209: 00 5F
0000020A: 00 69
0000020B: 00 64
0000020C: 01 00
0000020D: 00 62
0000020E: 00 75
0000020F: 00 69
00000210: 03 6C
00000211: 00 64
00000212: 00 5F
00000213: 00 69
00000214: 00 64
00000216: 00 70
00000217: 00 72
00000218: 34 6F
00000219: 00 64
0000021A: 00 75
0000021B: 00 63
0000021C: 00 74
0000021D: 00 5F
0000021E: 00 69
0000021F: 00 64
00000221: 00 73
00000222: 00 77
00000223: 00 5F
00000224: 00 62
00000225: 00 75
00000226: 00 69
00000227: 00 6C
00000228: 01 64
00000229: 00 5F
0000022A: 00 79
0000022B: 00 65
0000022C: 00 61
0000022D: 00 72
0000022E: 00 5F
0000022F: 00 68
00000230: 27 69
00000232: 00 63
00000233: 00 68
00000234: 08 65
00000235: 00 63
00000236: 00 6B
00000237: 00 73
00000238: 03 75
00000239: 00 6D
0000023B: 00 47
0000023C: 00 4E
0000023D: 00 55
0000023E: 00 20
0000023F: 00 43
00000240: 34 31
00000241: 00 37
00000242: 00 20
00000243: 00 31
00000244: 00 33
00000245: 00 2E
00000246: 00 33
00000247: 00 2E
00000248: 00 31
00000249: 00 20
0000024A: 00 32
0000024B: 00 30
0000024C: 00 32
0000024D: 00 34
0000024E: 00 30
0000024F: 00 36
00000250: 01 31
00000251: 00 34
00000252: 00 20
00000253: 00 2D
00000254: 00 6D
00000255: 00 63
00000256: 00 70
00000257: 00 75
00000258: 2C 3D
00000259: 00 63
0000025A: 00 6F
0000025B: 00 72
0000025C: 01 74
0000025D: 00 65
0000025E: 00 78
0000025F: 00 2D
00000260: 02 6D
00000261: 00 34
00000262: 00 20
00000263: 00 2D
00000264: 00 6D
00000265: 00 74
00000266: 00 68
00000267: 00 75
00000268: 34 6D
00000269: 00 62
0000026A: 00 20
0000026B: 00 2D
0000026C: 10 6D
0000026D: 00 66
0000026E: 00 6C
0000026F: 00 6F
00000270: 00 61
00000271: 00 74
00000272: 00 2D
00000273: 00 61
00000274: 00 62
00000275: 00 69
00000276: 00 3D
00000277: 00 73
00000278: 04 6F
00000279: 00 66
0000027A: 00 74
0000027B: 00 20
0000027C: 00 2D
0000027D: 00 6D
0000027E: 00 61
0000027F: 00 72
00000280: 35 63
00000281: 00 68
00000282: 00 3D
00000283: 00 61
00000284: 01 72
00000285: 00 6D
00000286: 00 76
00000287: 00 37
00000288: 30 65
00000289: 00 2D
0000028A: 00 6D
0000028B: 00 20
0000028C: 00 2D
0000028D: 00 67
0000028E: 00 20
0000028F: 00 2D
00000290: 44 4F
00000291: 00 73
00000292: 00 20
00000293: 00 2D
00000294: 46 66
00000295: 00 66
00000296: 00 75
00000297: 00 6E
00000298: 00 63
00000299: 00 74
0000029A: 00 69
0000029B: 00 6F
0000029C: 00 6E
0000029D: 00 2D
0000029E: 00 73
0000029F: 00 65
000002A0: 01 63
000002A1: 00 74
000002A2: 00 69
000002A3: 00 6F
000002A4: 01 6E
000002A5: 00 73
000002A6: 00 20
000002A7: 00 2D
000002A8: 3E 66
000002A9: 00 64
000002AA: 00 61
000002AB: 00 74
000002AC: 03 61
000002AD: 00 2D
000002AE: 00 73
000002AF: 70 65
000002B0: 00 63
000002B1: 00 74
000002B2: 00 69
000002B3: 00 6F
000002B4: 00 6E
000002B5: 00 73
000002B7: 00 73
000002B8: 8A 77
000002B9: 00 5F
000002BA: 00 62
000002BB: 00 75
000002BC: 2E 69
000002BD: 00 6C
000002BE: 00 64
000002BF: 00 5F
000002C0: 00 64
000002C1: 00 61
000002C2: 00 79
000002C4: 00 55
000002C5: 00 42
000002C6: 00 59
000002C7: 00 54
000002C8: 01 45
000002CA: 00 70
000002CB: 00 72
000002CC: 00 6F
000002CD: 00 64
000002CE: 00 75
000002CF: 00 63
000002D0: 01 74
000002D1: 00 5F
000002D2: 00 74
000002D3: 00 79
000002D4: 02 70
000002D5: 00 65
000002D7: 00 6D
000002D8: 00 61
000002D9: 00 6A
000002DA: 00 6F
000002DB: 00 72
000002DC: 00 5F
000002DD: 00 72
000002DE: 00 65
000002DF: 00 6C
000002E0: B8 65
000002E1: 00 61
000002E2: 00 73
000002E3: 00 65
000002E4: A0 5F
000002E5: 00 76
000002E6: 00 65
000002E7: 00 72
000002E8: 08 73
000002E9: 00 69
000002EA: 00 6F
000002EB: 00 6E
000002EC: 09 00
000002ED: 00 72
000002EE: 00 65
000002EF: 00 6C
000002F0: 04 65
000002F1: 00 61
000002F2: 00 73
000002F3: 00 65
000002F4: 10 5F
000002F5: 00 74
000002F6: 00 79
000002F7: 00 70
000002F8: 09 65
000002FA: 00 68
000002FB: 00 77
000002FC: 03 5F
000002FD: 00 76
000002FE: 00 65
000002FF: 00 72
00000300: 00 73
00000301: 00 69
00000302: 00 6F
00000303: 00 6E
00000305: 00 75
00000306: 00 6E
00000307: 00 73
00000308: 58 69
00000309: 01 67
0000030A: 00 6E
0000030B: 00 65
0000030C: 11 64
0000030D: 00 20
0000030E: 00 63
0000030F: 00 68
00000310: 00 61
00000311: 00 72
00000313: 00 44
00000314: 00 3A
00000315: 00 5C
00000316: 00 50
00000317: 00 72
00000318: 01 6F
00000319: 00 6A
0000031A: 00 65
0000031B: 00 63
0000031C: 00 74
0000031D: 00 73
0000031E: 00 5C
0000031F: 00 73
00000320: 11 77
00000321: 00 2D
00000322: 00 69
00000323: 00 6E
00000324: 03 66
00000325: 00 6F
00000327: 00 61
00000328: 00 70
00000329: 00 70
0000032A: 00 5F
0000032B: 00 63
0000032C: 00 61
0000032D: 00 6C
0000032E: 00 69
0000032F: 00 62
00000330: 69 5F
00000331: 01 69
00000332: 00 6E
00000333: 00 64
00000334: 4E 65
00000335: 00 78
00000337: 00 66
00000338: 00 65
00000339: 00 61
0000033A: 00 74
0000033B: 00 75
0000033C: 00 72
0000033D: 00 65
0000033E: 00 5F
0000033F: 00 66
00000340: 01 6C
00000341: 00 61
00000342: 00 67
00000343: 00 73
00000345: 00 73
00000346: 00 77
00000347: 00 5F
FC: BUILD_ADVANCED\SW_INFO.O longer than BUILD_BASIC\sw_info.o


[DIFF] Comparing firmware.elf 
Comparing files BUILD_BASIC\firmware.elf and BUILD_ADVANCED\FIRMWARE.ELF
00000020: 44 24
00000021: 11 15
00000030: 07 0C
00000032: 06 0B
00001010: 47 08
00001011: 43 01
00001012: 43 00
00001013: 3A 00
00001014: 20 05
00001015: 28 00
00001016: 41 01
00001017: 72 04
00001018: 6D 00
00001019: 20 00
0000101A: 47 00
0000101B: 4E 00
0000101C: 55 03
0000101D: 20 42
0000101E: 54 00
0000101F: 6F 00
00001020: 6F 00
00001021: 6C 1D
00001022: 63 6C
00001023: 68 01
00001024: 61 00
00001025: 69 00
00001026: 6E 1A
00001027: 20 01
00001028: 31 00
00001029: 33 00
0000102A: 2E 00
0000102B: 33 00
0000102C: 2E 00
0000102D: 52 00
0000102E: 65 02
0000102F: 6C CB
00001030: 31 00
00001031: 20 00
00001032: 28 00
00001033: 42 17
00001034: 75 17
00001035: 69 29
00001036: 6C 00
00001037: 64 00
00001038: 20 00
00001039: 61 04
0000103A: 72 01
0000103B: 6D 08
0000103C: 2D 0C
0000103D: 31 01
0000103E: 33 00
0000103F: 2E 00
00001040: 32 05
00001041: 34 10
00001042: 29 01
00001043: 29 1A
00001044: 20 09
00001045: 31 EA
00001046: 33 00
00001047: 2E 00
00001048: 33 00
00001049: 2E 01
0000104A: 31 DE
0000104B: 20 00
0000104C: 32 00
0000104D: 30 00
0000104E: 32 1C
0000104F: 34 1E
00001050: 30 00
00001051: 36 00
00001052: 31 00
00001053: 34 00
00001054: 00 01
00001055: 41 85
00001056: 2D 01
00001059: 00 1D
0000105A: 61 1E
0000105B: 65 00
0000105C: 61 00
0000105D: 62 00
0000105E: 69 01
0000105F: 00 01
00001060: 01 BE
00001061: 23 00
00001064: 00 1E
00001065: 05 1E
00001066: 37 00
00001067: 45 00
00001068: 2D 00
00001069: 4D 02
0000106A: 00 01
0000106B: 06 76
0000106C: 0D 01
0000106D: 07 00
0000106E: 4D 00
0000106F: 09 1F
00001070: 02 1E
00001071: 12 00
00001072: 04 00
00001073: 14 00
00001074: 01 03
00001075: 15 01
00001076: 01 28
00001077: 17 00
00001078: 03 00
00001079: 18 00
0000107A: 01 20
0000107B: 19 1E
0000107C: 01 00
0000107D: 1A 00
0000107E: 01 00
0000107F: 1E 04
00001080: 06 01
00001081: 22 4C
00001085: 00 21
00001086: 00 1E
0000108A: 00 05
0000108B: 00 01
0000108C: 00 08
00001090: 00 22
00001091: 00 1E
00001095: 00 06
00001096: 00 01
00001097: 00 1D
00001099: F0 00
0000109A: 03 00
0000109B: 08 23
0000109C: 00 1E
000010A0: 03 07
000010A1: 00 01
000010A2: 01 D1
000010A6: 00 24
000010A7: 00 1E
000010AB: 00 08
000010AC: 00 01
000010AD: 00 5D
000010AE: 00 01
000010B0: 03 00
000010B1: 00 25
000010B2: 02 1E
000010B6: 00 09
000010B7: 00 01
000010B8: 00 2E
000010B9: 00 01
000010BC: 00 26
000010BD: 00 1E
000010C0: 03 00
000010C1: 00 0A
000010C2: 03 01
000010C3: 00 01
000010C7: 00 28
000010C8: 00 1E
000010CC: 00 0B
000010CD: 00 01
000010CE: 00 14
000010D0: 04 00
000010D2: F1 29
000010D3: FF 1E
000010D4: 0B 00
000010D7: 00 0C
000010D8: 00 01
000010D9: F0 F4
000010DA: 03 00
000010DB: 08 00
000010DD: 00 2A
000010DE: 00 1E
000010E2: 01 0D
000010E3: 00 01
000010E4: 0E 3E
000010E5: 00 01
000010E8: 00 2B
000010E9: F0 1E
000010EA: 03 00
000010EB: 08 00
000010EC: 10 00
000010ED: 00 0E
000010EE: 00 01
000010EF: 00 39
000010F0: 11 00
000010F2: 01 00
000010F3: 00 2C
000010F4: 00 1E
000010F5: 73 00
000010F6: 77 00
000010F7: 5F 00
000010F8: 69 0F
000010F9: 6E 00
000010FA: 66 02
000010FB: 6F 00
000010FC: 2E 00
000010FD: 63 00
000010FF: 24 2E
00001100: 64 03
00001101: 00 30
00001102: 69 00
00001103: 64 00
00001105: 00 06
00001106: 2E EA
00001107: 73 00
00001108: 79 00
00001109: 6D 00
0000110A: 74 07
0000110B: 61 69
0000110C: 62 64
0000110E: 2E 01
0000110F: 73 31
00001110: 74 0F
00001111: 72 F5
00001112: 74 00
00001113: 61 00
00001114: 62 00
00001115: 00 05
00001116: 2E 03
00001117: 73 00
00001118: 68 F0
00001119: 73 03
0000111A: 74 08
0000111B: 72 00
0000111C: 74 01
0000111D: 61 0D
0000111E: 62 00
0000111F: 00 03
00001120: 2E 0E
00001121: 73 3A
00001122: 77 21
00001123: 5F 01
00001124: 69 3B
00001125: 6E 0B
00001126: 66 39
00001127: 6F 21
00001128: 00 0B
00001129: 2E 49
0000112A: 63 13
0000112B: 6F 38
0000112C: 6D 0B
0000112D: 6D 00
0000112E: 65 00
0000112F: 6E 02
00001130: 74 16
00001132: 2E 03
00001133: 41 0E
00001134: 52 3A
00001135: 4D 21
00001136: 2E 01
00001137: 61 3B
00001138: 74 0B
00001139: 74 39
0000113A: 72 0B
0000113B: 69 49
0000113C: 62 13
0000113D: 75 00
0000113E: 74 00
0000113F: 65 03
00001140: 73 11
00001141: 00 01
00001142: 00 25
00001143: 00 0E
00001144: 00 13
00001145: 00 0B
00001146: 00 03
00001147: 00 0E
00001148: 00 1B
00001149: 00 0E
0000114A: 00 10
0000114B: 00 17
0000114E: 00 04
0000114F: 00 24
00001151: 00 0B
00001152: 00 0B
00001153: 00 3E
00001154: 00 0B
00001155: 00 03
00001156: 00 0E
00001159: 00 05
0000115A: 00 13
0000115B: 00 01
0000115C: 00 0B
0000115D: 00 0B
0000115E: 00 3A
0000115F: 00 0B
00001160: 00 3B
00001161: 00 0B
00001162: 00 39
00001163: 00 0B
00001164: 00 01
00001165: 00 13
00001168: 00 06
00001169: 00 26
0000116B: 00 49
0000116C: 1B 13
0000116F: 00 07
00001170: 01 34
00001172: 00 03
00001173: 00 08
00001174: 02 3A
00001175: 00 0B
00001176: 00 3B
00001177: 00 0B
00001178: 00 39
00001179: F0 0B
0000117A: 03 49
0000117B: 08 13
0000117C: 00 3F
0000117D: 10 19
0000117E: 00 02
0000117F: 00 18
00001180: 10 00
00001183: 00 14
00001187: 00 02
0000118C: 04 00
0000118D: 00 04
00001194: 24 00
00001198: 01 00
0000119B: 00 26
0000119C: 30 00
0000119F: 00 03
000011A1: 00 20
000011A4: 10 00
000011A5: 10 02
000011A6: 00 01
000011A7: 00 FB
000011A8: 45 0E
000011A9: 00 0D
000011AB: 00 01
000011AC: 00 01
000011AD: 00 01
000011AE: 00 01
000011B2: 00 01
000011B4: 01 00
000011B5: 00 01
000011B7: 00 73
000011B8: 01 77
000011B9: 00 5F
000011BA: 00 69
000011BB: 00 6E
000011BC: 2D 66
000011BD: 00 6F
000011BE: 00 2E
000011BF: 00 63
000011C0: 03 00
000011C3: 70 00
000011C5: 00 73
000011C6: 00 77
000011C7: 00 5F
000011C8: 00 69
000011C9: 00 6E
000011CA: 00 66
000011CB: 00 6F
000011CC: 55 00
000011CD: 10 63
000011CE: 00 75
000011CF: 00 73
000011D0: 2E 74
000011D1: 00 6F
000011D2: 00 6D
000011D3: 00 65
000011D4: 00 72
000011D5: 00 5F
000011D6: 00 69
000011D7: 00 64
000011D9: 00 62
000011DA: 00 75
000011DB: 00 69
000011DC: 01 6C
000011DD: 00 64
000011DE: 00 5F
000011DF: 00 69
000011E0: 00 64
000011E2: 00 70
000011E3: 00 72
000011E4: 01 6F
000011E5: 00 64
000011E6: 00 75
000011E7: 00 63
000011E8: 02 74
000011E9: 00 5F
000011EA: 00 69
000011EB: 00 64
000011ED: 00 73
000011EE: 00 77
000011EF: 00 5F
000011F0: 00 62
000011F1: 00 75
000011F2: 00 69
000011F3: 00 6C
000011F4: 84 64
000011F5: 10 5F
000011F6: 00 79
000011F7: 00 65
000011F8: 70 61
000011F9: 00 72
000011FA: 00 5F
000011FB: 00 68
000011FC: 05 69
000011FE: 00 63
000011FF: 00 68
00001200: 06 65
00001201: 00 63
00001202: 00 6B
00001203: 00 73
00001204: 04 75
00001205: 00 6D
00001207: 00 47
00001208: 10 4E
00001209: 00 55
0000120A: 00 20
0000120B: 00 43
0000120C: 09 31
0000120D: 00 37
0000120E: 00 20
0000120F: 00 31
00001210: 03 33
00001211: 00 2E
00001212: 00 33
00001213: 00 2E
00001214: 00 31
00001215: 00 20
00001216: 00 32
00001217: 00 30
00001218: 00 32
00001219: 00 34
0000121A: 00 30
0000121B: 00 36
0000121C: F4 31
0000121D: 10 34
0000121E: 00 20
0000121F: 00 2D
00001220: 11 6D
00001221: 00 63
00001222: 00 70
00001223: 00 75
00001224: 00 3D
00001225: 00 63
00001226: 00 6F
00001227: 00 72
00001228: 00 74
00001229: 00 65
0000122A: 00 78
0000122B: 00 2D
0000122C: 01 6D
0000122D: 00 34
0000122E: 00 20
0000122F: 00 2D
00001230: 00 6D
00001231: 00 74
00001232: 00 68
00001233: 00 75
00001234: 11 6D
00001235: 00 62
00001236: 00 20
00001237: 00 2D
00001238: 03 6D
00001239: 00 66
0000123A: 00 6C
0000123B: 00 6F
0000123C: 00 61
0000123D: 00 74
0000123E: 00 2D
0000123F: 00 61
00001240: 00 62
00001241: 00 69
00001242: 00 3D
00001243: 00 73
00001244: 05 6F
00001245: 11 66
00001246: 00 74
00001247: 00 20
00001248: 3D 2D
00001249: 00 6D
0000124A: 00 61
0000124B: 00 72
0000124C: 00 63
0000124D: 00 68
0000124E: 00 3D
0000124F: 00 61
00001250: 00 72
00001251: 00 6D
00001252: 00 76
00001253: 00 37
00001254: 01 65
00001255: 00 2D
00001256: 00 6D
00001257: 00 20
00001258: 00 2D
00001259: 00 67
0000125A: 00 20
0000125B: 00 2D
FC: BUILD_ADVANCED\FIRMWARE.ELF longer than BUILD_BASIC\firmware.elf


[DIFF] Comparing firmware.hex 
Comparing files BUILD_BASIC\firmware.hex and BUILD_ADVANCED\FIRMWARE.HEX
FC: no differences encountered

[DIFF] Comparing firmware.s19 
Comparing files BUILD_BASIC\firmware.s19 and BUILD_ADVANCED\FIRMWARE.S19
00000003: 42 45
00000015: 32 31
00000017: 31 34
00000019: 33 36
0000001B: 39 31
0000001D: 33 45
0000001E: 35 36
0000001F: 43 33
00000021: 36 35
00000023: 39 34
00000024: 37 35
00000025: 32 43
00000027: 44 36
00000028: 37 36
00000029: 37 39
0000002A: 36 37
0000002B: 31 32
0000002C: 37 36
0000002D: 32 44
0000002E: 36 37
0000002F: 35 37
00000030: 32 36
00000031: 45 31
00000033: 33 32
00000034: 33 36
00000035: 31 35
00000036: 33 32
00000037: 39 45
00000038: 41 37
00000039: 46 33
0000003A: 0D 33
0000003B: 0A 31
0000003C: 53 33
0000003D: 33 39
0000003E: 31 37
0000003F: 35 38
00000040: 30 0D
00000041: 38 0A
00000042: 30 53
00000044: 46 31
00000045: 30 35
00000047: 30 38
00000048: 46 30
00000049: 46 33
0000004B: 46 30
0000004C: 46 30
0000004D: 46 30
0000006A: 0D 46
0000006B: 0A 46
0000006C: 53 46
0000006D: 37 46
0000006E: 30 46
0000006F: 35 46
00000070: 30 0D
00000071: 30 0A
00000072: 30 53
00000073: 30 37
00000075: 30 35
00000078: 46 30
00000079: 41 30
0000007A: 0D 30
0000007B: 0A 30
FC: BUILD_ADVANCED\FIRMWARE.S19 longer than BUILD_BASIC\firmware.s19


[DIFF] Comparing firmware.bin 
Comparing files BUILD_BASIC\firmware.bin and BUILD_ADVANCED\FIRMWARE.BIN
FC: no differences encountered

